2025-04-18 20:25:25: SERVER -> CLIENT: 220 smtp.gmail.com ESMTP d2e1a72fcca58-73dbfab289asm1891336b3a.153 - gsmtp

2025-04-18 20:25:25: CLIENT -> SERVER: EHLO localhost

2025-04-18 20:25:25: SERVER -> CLIENT: 250-smtp.gmail.com at your service, [103.5.183.183]
250-SIZE 35882577
250-8BITMIME
250-STARTTLS
250-ENHANCEDSTATUSCODES
250-PIPELINING
250-CHUNKING
250 SMTPUTF8

2025-04-18 20:25:25: CLIENT -> SERVER: STARTTLS

2025-04-18 20:25:25: SERVER -> CLIENT: 220 2.0.0 Ready to start TLS

2025-04-18 20:25:26: CLIENT -> SERVER: EHLO localhost

2025-04-18 20:25:26: SERVER -> CLIENT: 250-smtp.gmail.com at your service, [103.5.183.183]
250-SIZE 35882577
250-8BITMIME
250-AUTH LOGIN PLAIN XOAUTH2 PLAIN-CLIENTTOKEN OAUTHBEARER XOAUTH
250-ENHANCEDSTATUSCODES
250-PIPELINING
250-CHUNKING
250 SMTPUTF8

2025-04-18 20:25:26: CLIENT -> SERVER: AUTH LOGIN

2025-04-18 20:25:26: SERVER -> CLIENT: 334 VXNlcm5hbWU6

2025-04-18 20:25:26: CLIENT -> SERVER: [credentials hidden]
2025-04-18 20:25:26: SERVER -> CLIENT: 334 UGFzc3dvcmQ6

2025-04-18 20:25:26: CLIENT -> SERVER: [credentials hidden]
2025-04-18 20:25:26: SERVER -> CLIENT: 235 2.7.0 Accepted

2025-04-18 20:25:26: CLIENT -> SERVER: MAIL FROM:<rotiseribakeryemail@gmail.com>

2025-04-18 20:25:27: SERVER -> CLIENT: 250 2.1.0 OK d2e1a72fcca58-73dbfab289asm1891336b3a.153 - gsmtp

2025-04-18 20:25:27: CLIENT -> SERVER: RCPT TO:<rotiseribakeryemail@gmail.com>

2025-04-18 20:25:27: SERVER -> CLIENT: 250 2.1.5 OK d2e1a72fcca58-73dbfab289asm1891336b3a.153 - gsmtp

2025-04-18 20:25:27: CLIENT -> SERVER: DATA

2025-04-18 20:25:27: SERVER -> CLIENT: 354 Go ahead d2e1a72fcca58-73dbfab289asm1891336b3a.153 - gsmtp

2025-04-18 20:25:27: CLIENT -> SERVER: Date: Fri, 18 Apr 2025 20:25:24 +0200

2025-04-18 20:25:27: CLIENT -> SERVER: To: rotiseribakeryemail@gmail.com

2025-04-18 20:25:27: CLIENT -> SERVER: From: SMTP Test <rotiseribakeryemail@gmail.com>

2025-04-18 20:25:27: CLIENT -> SERVER: Subject: SMTP Connection Test

2025-04-18 20:25:27: CLIENT -> SERVER: Message-ID: <rO63GmdWffq4dZl1Q0usNvFJveTmqGNSpKTSvFifJo@localhost>

2025-04-18 20:25:27: CLIENT -> SERVER: X-Mailer: PHPMailer 6.9.3 (https://github.com/PHPMailer/PHPMailer)

2025-04-18 20:25:27: CLIENT -> SERVER: MIME-Version: 1.0

2025-04-18 20:25:27: CLIENT -> SERVER: Content-Type: text/plain; charset=iso-8859-1

2025-04-18 20:25:27: CLIENT -> SERVER: 

2025-04-18 20:25:27: CLIENT -> SERVER: This is a test email to verify SMTP connection.

2025-04-18 20:25:27: CLIENT -> SERVER: 

2025-04-18 20:25:27: CLIENT -> SERVER: .

2025-04-18 20:25:28: SERVER -> CLIENT: 250 2.0.0 OK  1745000729 d2e1a72fcca58-73dbfab289asm1891336b3a.153 - gsmtp

2025-04-18 20:25:28: CLIENT -> SERVER: QUIT

2025-04-18 20:25:28: SERVER -> CLIENT: 221 2.0.0 closing connection d2e1a72fcca58-73dbfab289asm1891336b3a.153 - gsmtp

